{
  "RSpec": {
    "coverage": {
      "/Users/urvashi/Development/school_system/app/controllers/classrooms_controller.rb": [
        1,
        1,
        1,
        1,
        2,
        null,
        null,
        1,
        2,
        2,
        1,
        2,
        null,
        1,
        1,
        1,
        2,
        null,
        null,
        null,
        1,
        2,
        2,
        1,
        1,
        2,
        null,
        null,
        1,
        1,
        2,
        null,
        null,
        null,
        1,
        3,
        3,
        2,
        null,
        1,
        2,
        null,
        null,
        1,
        2,
        null,
        null,
        2,
        2,
        2,
        4,
        null,
        null,
        null,
        1,
        2,
        2,
        1,
        1,
        1,
        2,
        null,
        null,
        1,
        1,
        1,
        2,
        null,
        null,
        null,
        1,
        null,
        2,
        2,
        2,
        0,
        0,
        0,
        0,
        null,
        null,
        null,
        1,
        null,
        0,
        0,
        0,
        0,
        0,
        0,
        0,
        null,
        null,
        null,
        null
      ],
      "/Users/urvashi/Development/school_system/app/controllers/application_controller.rb": [
        1,
        null,
        null,
        1,
        1,
        null
      ],
      "/Users/urvashi/Development/school_system/app/controllers/home_controller.rb": [
        1,
        1,
        1,
        null,
        null
      ],
      "/Users/urvashi/Development/school_system/app/controllers/schools_controller.rb": [
        1,
        1,
        1,
        1,
        1,
        null,
        2,
        null,
        null,
        1,
        2,
        2,
        1,
        null,
        2,
        null,
        1,
        1,
        1,
        null,
        2,
        null,
        null,
        null,
        1,
        2,
        2,
        2,
        2,
        null,
        2,
        1,
        null,
        2,
        null,
        null,
        null,
        1,
        1,
        null,
        1,
        2,
        null,
        null,
        null,
        1,
        3,
        3,
        2,
        null,
        1,
        null,
        null,
        2,
        null,
        null,
        1,
        1,
        null,
        2,
        null,
        null,
        2,
        2,
        null,
        null,
        4,
        null,
        null,
        null,
        1,
        2,
        2,
        1,
        1,
        1,
        null,
        2,
        null,
        null,
        1,
        1,
        1,
        null,
        2,
        null,
        null,
        null,
        1,
        1,
        4,
        null,
        null,
        null
      ],
      "/Users/urvashi/Development/school_system/app/controllers/students_controller.rb": [
        1,
        1,
        1,
        1,
        null,
        2,
        null,
        null,
        1,
        2,
        2,
        1,
        2,
        null,
        1,
        1,
        1,
        2,
        null,
        null,
        null,
        1,
        2,
        2,
        1,
        1,
        2,
        null,
        null,
        1,
        1,
        2,
        null,
        null,
        null,
        1,
        2,
        2,
        2,
        2,
        2,
        1,
        1,
        1,
        1,
        2,
        null,
        null,
        1,
        1,
        1,
        2,
        null,
        null,
        null,
        1,
        2,
        2,
        2,
        1,
        1,
        1,
        2,
        null,
        null,
        1,
        1,
        1,
        2,
        null,
        null,
        null,
        1,
        null,
        1,
        1,
        1,
        0,
        0,
        0,
        0,
        null,
        null,
        null,
        1,
        1,
        3,
        null,
        null,
        null,
        null,
        null
      ],
      "/Users/urvashi/Development/school_system/app/controllers/subjects_controller.rb": [
        1,
        1,
        1,
        1,
        2,
        null,
        null,
        1,
        2,
        2,
        1,
        2,
        null,
        1,
        1,
        1,
        2,
        null,
        null,
        null,
        1,
        2,
        2,
        1,
        1,
        2,
        null,
        null,
        1,
        1,
        1,
        2,
        null,
        null,
        null,
        1,
        2,
        2,
        1,
        1,
        null,
        2,
        null,
        null,
        1,
        1,
        1,
        2,
        null,
        null,
        null,
        1,
        2,
        2,
        1,
        1,
        1,
        2,
        null,
        null,
        1,
        1,
        1,
        1,
        2,
        null,
        null,
        null,
        1,
        1,
        3,
        null,
        null
      ],
      "/Users/urvashi/Development/school_system/app/controllers/teachers_controller.rb": [
        1,
        1,
        1,
        1,
        2,
        null,
        null,
        1,
        2,
        2,
        1,
        2,
        null,
        1,
        1,
        1,
        2,
        null,
        null,
        null,
        1,
        2,
        2,
        1,
        2,
        null,
        null,
        1,
        2,
        null,
        null,
        null,
        1,
        3,
        3,
        2,
        1,
        2,
        null,
        null,
        1,
        2,
        null,
        null,
        2,
        2,
        2,
        4,
        null,
        null,
        null,
        1,
        2,
        2,
        1,
        1,
        2,
        null,
        null,
        1,
        1,
        1,
        2,
        null,
        null,
        null,
        1,
        null,
        1,
        1,
        1,
        0,
        0,
        0,
        0,
        null,
        null,
        null,
        1,
        null,
        0,
        0,
        0,
        0,
        0,
        0,
        0,
        null,
        null,
        null,
        null
      ],
      "/Users/urvashi/Development/school_system/app/models/classroom.rb": [
        1,
        1,
        1,
        1,
        1,
        null,
        1,
        1,
        null,
        1,
        1,
        null,
        1,
        1,
        null,
        null,
        null
      ],
      "/Users/urvashi/Development/school_system/app/models/school.rb": [
        1,
        1,
        1,
        1,
        1,
        null,
        1,
        1,
        null,
        null
      ],
      "/Users/urvashi/Development/school_system/app/models/student.rb": [
        1,
        1,
        1,
        1,
        1,
        null,
        1,
        1,
        null,
        1,
        1,
        null,
        1,
        1,
        null,
        1,
        1,
        null,
        null
      ],
      "/Users/urvashi/Development/school_system/app/models/subject.rb": [
        1,
        1,
        1,
        1,
        1,
        null,
        1,
        1,
        null
      ],
      "/Users/urvashi/Development/school_system/app/models/teacher.rb": [
        1,
        1,
        1,
        1,
        1,
        null,
        1,
        1,
        null,
        1,
        1,
        null,
        1,
        1,
        null,
        1,
        1,
        null,
        null
      ],
      "/Users/urvashi/Development/school_system/app/helpers/application_helper.rb": [
        0,
        0
      ],
      "/Users/urvashi/Development/school_system/app/helpers/classroom_helper.rb": [
        0,
        0
      ],
      "/Users/urvashi/Development/school_system/app/helpers/classrooms_helper.rb": [
        0,
        0
      ],
      "/Users/urvashi/Development/school_system/app/helpers/home_helper.rb": [
        0,
        0
      ],
      "/Users/urvashi/Development/school_system/app/helpers/school_helper.rb": [
        0,
        0
      ],
      "/Users/urvashi/Development/school_system/app/helpers/schools_helper.rb": [
        0,
        0
      ],
      "/Users/urvashi/Development/school_system/app/helpers/students_helper.rb": [
        0,
        0
      ],
      "/Users/urvashi/Development/school_system/app/helpers/subjects_helper.rb": [
        0,
        0
      ],
      "/Users/urvashi/Development/school_system/app/helpers/teacher_helper.rb": [
        0,
        0
      ],
      "/Users/urvashi/Development/school_system/app/helpers/teachers_helper.rb": [
        0,
        0
      ]
    },
    "timestamp": 1475665418
  }
}
